[debug] [2024-11-10T20:24:33.641Z] ----------------------------------------------------------------------
[debug] [2024-11-10T20:24:33.646Z] Command:       C:\Program Files\nodejs\node.exe C:\Users\Maria Kevin\AppData\Roaming\npm\node_modules\firebase-tools\lib\bin\firebase.js deploy --only hosting --debug
[debug] [2024-11-10T20:24:33.646Z] CLI Version:   13.24.2
[debug] [2024-11-10T20:24:33.646Z] Platform:      win32
[debug] [2024-11-10T20:24:33.646Z] Node Version:  v22.11.0
[debug] [2024-11-10T20:24:33.647Z] Time:          Mon Nov 11 2024 01:54:33 GMT+0530 (India Standard Time)
[debug] [2024-11-10T20:24:33.647Z] ----------------------------------------------------------------------
[debug] 
[debug] [2024-11-10T20:24:33.734Z] > command requires scopes: ["email","openid","https://www.googleapis.com/auth/cloudplatformprojects.readonly","https://www.googleapis.com/auth/firebase","https://www.googleapis.com/auth/cloud-platform"]
[debug] [2024-11-10T20:24:33.735Z] > authorizing via signed-in user (amnandan9@gmail.com)
[debug] [2024-11-10T20:24:33.736Z] [iam] checking project donorhub-6ef07 for permissions ["firebase.projects.get","firebasehosting.sites.update"]
[debug] [2024-11-10T20:24:33.737Z] Checked if tokens are valid: false, expires at: 1731269935907
[debug] [2024-11-10T20:24:33.738Z] Checked if tokens are valid: false, expires at: 1731269935907
[debug] [2024-11-10T20:24:33.739Z] > refreshing access token with scopes: []
[debug] [2024-11-10T20:24:33.741Z] >>> [apiv2][query] POST https://www.googleapis.com/oauth2/v3/token [none]
[debug] [2024-11-10T20:24:33.742Z] >>> [apiv2][body] POST https://www.googleapis.com/oauth2/v3/token [omitted]
[debug] [2024-11-10T20:24:35.145Z] <<< [apiv2][status] POST https://www.googleapis.com/oauth2/v3/token 200
[debug] [2024-11-10T20:24:35.146Z] <<< [apiv2][body] POST https://www.googleapis.com/oauth2/v3/token [omitted]
[debug] [2024-11-10T20:24:35.426Z] >>> [apiv2][query] POST https://cloudresourcemanager.googleapis.com/v1/projects/donorhub-6ef07:testIamPermissions [none]
[debug] [2024-11-10T20:24:35.427Z] >>> [apiv2][(partial)header] POST https://cloudresourcemanager.googleapis.com/v1/projects/donorhub-6ef07:testIamPermissions x-goog-quota-user=projects/donorhub-6ef07
[debug] [2024-11-10T20:24:35.427Z] >>> [apiv2][body] POST https://cloudresourcemanager.googleapis.com/v1/projects/donorhub-6ef07:testIamPermissions {"permissions":["firebase.projects.get","firebasehosting.sites.update"]}
[debug] [2024-11-10T20:24:36.814Z] <<< [apiv2][status] POST https://cloudresourcemanager.googleapis.com/v1/projects/donorhub-6ef07:testIamPermissions 200
[debug] [2024-11-10T20:24:36.815Z] <<< [apiv2][body] POST https://cloudresourcemanager.googleapis.com/v1/projects/donorhub-6ef07:testIamPermissions {"permissions":["firebase.projects.get","firebasehosting.sites.update"]}
[debug] [2024-11-10T20:24:36.816Z] Checked if tokens are valid: true, expires at: 1731273874146
[debug] [2024-11-10T20:24:36.816Z] Checked if tokens are valid: true, expires at: 1731273874146
[debug] [2024-11-10T20:24:36.816Z] >>> [apiv2][query] GET https://firebase.googleapis.com/v1beta1/projects/donorhub-6ef07 [none]
[debug] [2024-11-10T20:24:37.680Z] <<< [apiv2][status] GET https://firebase.googleapis.com/v1beta1/projects/donorhub-6ef07 200
[debug] [2024-11-10T20:24:37.681Z] <<< [apiv2][body] GET https://firebase.googleapis.com/v1beta1/projects/donorhub-6ef07 {"projectId":"donorhub-6ef07","projectNumber":"474158201794","displayName":"DonorHub","name":"projects/donorhub-6ef07","resources":{"hostingSite":"donorhub-6ef07","realtimeDatabaseInstance":"donorhub-6ef07-default-rtdb"},"state":"ACTIVE","etag":"1_f71394cf-babb-4fde-80d1-b5b3ea72cc45"}
[debug] [2024-11-10T20:24:37.682Z] Specified "public" directory "DonorHub-Web-Server" does not exist; Deploy to Hosting site "donorhub-6ef07" may fail or be empty.
[info] 
[info] === Deploying to 'donorhub-6ef07'...
[info] 
[info] i  deploying hosting 
[debug] [2024-11-10T20:24:37.687Z] Checked if tokens are valid: true, expires at: 1731273874146
[debug] [2024-11-10T20:24:37.687Z] Checked if tokens are valid: true, expires at: 1731273874146
[debug] [2024-11-10T20:24:37.687Z] >>> [apiv2][query] POST https://firebasehosting.googleapis.com/v1beta1/projects/-/sites/donorhub-6ef07/versions [none]
[debug] [2024-11-10T20:24:37.688Z] >>> [apiv2][body] POST https://firebasehosting.googleapis.com/v1beta1/projects/-/sites/donorhub-6ef07/versions {"status":"CREATED","labels":{"deployment-tool":"cli-firebase"}}
[debug] [2024-11-10T20:24:39.148Z] <<< [apiv2][status] POST https://firebasehosting.googleapis.com/v1beta1/projects/-/sites/donorhub-6ef07/versions 200
[debug] [2024-11-10T20:24:39.149Z] <<< [apiv2][body] POST https://firebasehosting.googleapis.com/v1beta1/projects/-/sites/donorhub-6ef07/versions {"name":"projects/474158201794/sites/donorhub-6ef07/versions/67066cbfb13a512f","status":"CREATED","config":{},"labels":{"deployment-tool":"cli-firebase"}}
[info] i  hosting[donorhub-6ef07]: beginning deploy... 
[error] 
[error] Error: Directory 'DonorHub-Web-Server' for Hosting does not exist.
